#
# A fatal error has been detected by the Java Runtime Environment:
#
#  EXCEPTION_ACCESS_VIOLATION (0xc0000005) at pc=0x00007ffc38851c49, pid=18172, tid=14284
#
# JRE version: OpenJDK Runtime Environment (17.0.9) (build 17.0.9+0--11185874)
# Java VM: OpenJDK 64-Bit Server VM (17.0.9+0--11185874, mixed mode, tiered, compressed oops, compressed class ptrs, g1 gc, windows-amd64)
# Problematic frame:
# V  [jvm.dll+0x1c1c49]
#
# No core dump will be written. Minidumps are not enabled by default on client versions of Windows
#
# If you would like to submit a bug report, please visit:
#   https://bugreport.java.com/bugreport/crash.jsp
#

---------------  S U M M A R Y ------------

Command Line: -XX:MaxMetaspaceSize=512m --add-opens=java.base/java.util=ALL-UNNAMED --add-opens=java.base/java.lang=ALL-UNNAMED --add-opens=java.base/java.lang.invoke=ALL-UNNAMED --add-opens=java.prefs/java.util.prefs=ALL-UNNAMED --add-opens=java.base/java.nio.charset=ALL-UNNAMED --add-opens=java.base/java.net=ALL-UNNAMED --add-opens=java.base/java.util.concurrent.atomic=ALL-UNNAMED -Xmx2048m -Dfile.encoding=windows-1252 -Duser.country=BR -Duser.language=pt -Duser.variant -javaagent:C:\Users\Luis_\.gradle\wrapper\dists\gradle-8.3-all\6en3ugtfdg5xnpx44z4qbwgas\gradle-8.3\lib\agents\gradle-instrumentation-agent-8.3.jar org.gradle.launcher.daemon.bootstrap.GradleDaemon 8.3

Host: Intel(R) Core(TM) i5-8400 CPU @ 2.80GHz, 6 cores, 15G,  Windows 11 , 64 bit Build 22621 (10.0.22621.3374)
Time: Sun Apr  7 18:15:46 2024 Hora oficial do Brasil elapsed time: 5.013567 seconds (0d 0h 0m 5s)

---------------  T H R E A D  ---------------

Current thread (0x00000176e79e5760):  JavaThread "C2 CompilerThread0" daemon [_thread_in_native, id=14284, stack(0x0000001926400000,0x0000001926500000)]


Current CompileTask:
C2:   5013 4010   !   4       java.net.URL::<init> (543 bytes)

Stack: [0x0000001926400000,0x0000001926500000],  sp=0x00000019264fba10,  free space=1006k
Native frames: (J=compiled Java code, j=interpreted, Vv=VM code, C=native code)
V  [jvm.dll+0x1c1c49]
V  [jvm.dll+0x1be181]
V  [jvm.dll+0x21df09]
V  [jvm.dll+0x21d1d1]
V  [jvm.dll+0x1a674d]
V  [jvm.dll+0x22d088]
V  [jvm.dll+0x22b1c0]
V  [jvm.dll+0x7f62f7]
V  [jvm.dll+0x7f06aa]
V  [jvm.dll+0x687565]
C  [ucrtbase.dll+0x29333]
C  [KERNEL32.DLL+0x1257d]
C  [ntdll.dll+0x5aa48]


siginfo: EXCEPTION_ACCESS_VIOLATION (0xc0000005), reading address 0x000001762a31a528


Registers:
RAX=0x00000176edfa0160, RBX=0x0000000000000001, RCX=0x00000176ed8de020, RDX=0xffffffffcf0de8f2
RSP=0x00000019264fba10, RBP=0x00000019264fbb10, RSI=0x00000176eec077f8, RDI=0x000000000000001c
R8 =0x00000176eff8a520, R9 =0x0000000000000004, R10=0x0000000000000003, R11=0x00000176eff8a520
R12=0x0000000000000000, R13=0x00007ffc39224158, R14=0x00000019264fbfc0, R15=0x000000000000000d
RIP=0x00007ffc38851c49, EFLAGS=0x0000000000010293


Register to memory mapping:

RIP=0x00007ffc38851c49 jvm.dll
RAX=0x00000176edfa0160 points into unknown readable memory: 0x0000000000000000 | 00 00 00 00 00 00 00 00
RBX=0x0000000000000001 is an unknown value
RCX=0x00000176ed8de020 points into unknown readable memory: 0x0000000800000008 | 08 00 00 00 08 00 00 00
RDX=0xffffffffcf0de8f2 is an unknown value
RSP=0x00000019264fba10 is pointing into the stack for thread: 0x00000176e79e5760
RBP=0x00000019264fbb10 is pointing into the stack for thread: 0x00000176e79e5760
RSI=0x00000176eec077f8 points into unknown readable memory: 0x00007ffc38f83fa0 | a0 3f f8 38 fc 7f 00 00
RDI=0x000000000000001c is an unknown value
R8 =0x00000176eff8a520 points into unknown readable memory: 0x0000000000000020 | 20 00 00 00 00 00 00 00
R9 =0x0000000000000004 is an unknown value
R10=0x0000000000000003 is an unknown value
R11=0x00000176eff8a520 points into unknown readable memory: 0x0000000000000020 | 20 00 00 00 00 00 00 00
R12=0x0 is NULL
R13=0x00007ffc39224158 jvm.dll
R14=0x00000019264fbfc0 is pointing into the stack for thread: 0x00000176e79e5760
R15=0x000000000000000d is an unknown value


Top of Stack: (sp=0x00000019264fba10)
0x00000019264fba10:   00000176eec077f8 0000000000000001
0x00000019264fba20:   00000019264fbfc0 00000176eff86f80
0x00000019264fba30:   00000176ef691360 00000176ef691350
0x00000019264fba40:   0000000000000000 0000000200000351
0x00000019264fba50:   0000000400000004 00000176eff8a520
0x00000019264fba60:   00000019264fba90 00000019264fba80
0x00000019264fba70:   00000176eff6e630 0000000000000253
0x00000019264fba80:   0000000400000016 00000019264fba90
0x00000019264fba90:   00000176eff8a580 00000176eff8a500
0x00000019264fbaa0:   00000176eff8a540 00000176eff8a520
0x00000019264fbab0:   00007ffc39224158 0000000000000020
0x00000019264fbac0:   00000176ef6912b0 0000000000000200
0x00000019264fbad0:   00000176e79d5840 00000176ec1f8000
0x00000019264fbae0:   00000000000e0058 00000176ec1f92f0
0x00000019264fbaf0:   00000176ec1fffe8 00007ffc00000020
0x00000019264fbb00:   00000176ef6937c0 0000001900000020
0x00000019264fbb10:   0000017600000005 0000000000000000
0x00000019264fbb20:   000000000002f230 00000176ef189e60
0x00000019264fbb30:   00000176ef18a248 00000000000003d8
0x00000019264fbb40:   00000176ef189e70 0000000000000000
0x00000019264fbb50:   00000019264fc0a0 00000019264fbfc0
0x00000019264fbb60:   00000019264fbc70 00007ffc3884e181
0x00000019264fbb70:   000000190000044a 000000190000000d
0x00000019264fbb80:   00000176000001cc 00000176f00ddcb0
0x00000019264fbb90:   0000000000000000 0000000000000000
0x00000019264fbba0:   0000000000000006 00000176ef189e60
0x00000019264fbbb0:   00000176f00ddca0 00000176f00e5e10
0x00000019264fbbc0:   00000176f00e5e10 00000000000a1a10
0x00000019264fbbd0:   0000000000000000 0000000000000000
0x00000019264fbbe0:   0000000000000000 00000176edfa0100
0x00000019264fbbf0:   0000000000000000 00007ffc38fcf048
0x00000019264fbc00:   0000000000000000 00000019264fe910 

Instructions: (pc=0x00007ffc38851c49)
0x00007ffc38851b49:   d4 97 00 48 c1 e0 05 80 3c 08 00 75 0f 4c 8b 44
0x00007ffc38851b59:   24 30 bf 01 00 00 00 e9 5b ff ff ff 4c 8d 4d 60
0x00007ffc38851b69:   4c 8b c7 49 8b d7 49 8b ce e8 a9 e5 ff ff 48 8b
0x00007ffc38851b79:   d7 48 8b ce 48 8b d8 e8 8b 27 4a 00 48 8b d3 48
0x00007ffc38851b89:   8b ce e8 80 27 4a 00 44 8b 53 28 49 8b 86 08 01
0x00007ffc38851b99:   00 00 49 63 ca 44 8b 0c 88 45 3b 8e e0 00 00 00
0x00007ffc38851ba9:   73 2e 48 8b 44 24 78 41 8b d1 48 c1 ea 08 45 8b
0x00007ffc38851bb9:   c1 49 c1 e8 06 41 83 e0 03 48 8b 14 d0 41 0f b6
0x00007ffc38851bc9:   c1 24 3f 0f b6 c8 4a 8b 04 c2 48 0f a3 c8 72 17
0x00007ffc38851bd9:   45 85 c9 74 12 49 8b 46 48 48 8b 48 78 4e 39 2c
0x00007ffc38851be9:   d1 75 13 0f 1f 40 00 4c 8b 44 24 30 bf 01 00 00
0x00007ffc38851bf9:   00 e9 c1 fe ff ff 4c 8b 44 24 30 bf 01 00 00 00
0x00007ffc38851c09:   44 8b e7 e9 af fe ff ff 44 8b 7d 68 8b 46 2c 83
0x00007ffc38851c19:   e0 0f 3c 0c 0f 84 91 00 00 00 83 7e 18 01 0f 86
0x00007ffc38851c29:   87 00 00 00 4c 8d 2d 24 25 9d 00 48 8b 46 08 8b
0x00007ffc38851c39:   cf 48 8b 0c c8 49 8b 86 08 01 00 00 48 63 51 28
0x00007ffc38851c49:   8b 14 90 41 3b 96 e0 00 00 00 73 53 85 d2 74 4f
0x00007ffc38851c59:   48 8b 44 24 78 8b ca 48 c1 e9 08 8b da 4c 8b 04
0x00007ffc38851c69:   c8 4d 3b c5 75 0d 48 8d 4c 24 70 e8 a7 f6 1a 00
0x00007ffc38851c79:   4c 8b c0 0f b6 cb ba 01 00 00 00 48 c1 eb 06 80
0x00007ffc38851c89:   e1 3f 83 e3 03 48 d3 e2 49 8b 0c d8 48 8b c1 48
0x00007ffc38851c99:   0b c2 49 89 04 d8 48 85 ca 75 04 ff 44 24 70 ff
0x00007ffc38851ca9:   c7 3b 7e 18 72 85 4c 8b 6c 24 60 41 83 ff 01 0f
0x00007ffc38851cb9:   87 72 fb ff ff 8b 75 70 8b 54 24 74 33 db c7 44
0x00007ffc38851cc9:   24 70 00 00 00 00 85 d2 74 35 4c 8d 05 7e 24 9d
0x00007ffc38851cd9:   00 66 0f 1f 44 00 00 48 8b 44 24 78 4c 39 04 d8
0x00007ffc38851ce9:   74 17 8b d3 48 8d 4c 24 70 e8 69 f6 1a 00 8b 54
0x00007ffc38851cf9:   24 74 4c 8d 05 56 24 9d 00 ff c3 3b da 72 d8 49
0x00007ffc38851d09:   8b 46 48 ff c6 89 75 70 3b 70 40 0f 82 a6 fa ff
0x00007ffc38851d19:   ff 4c 8b bc 24 18 01 00 00 4c 8b ac 24 20 01 00
0x00007ffc38851d29:   00 49 8b 46 70 8b 4d 60 41 89 8e e0 00 00 00 3b
0x00007ffc38851d39:   48 28 b8 01 00 00 00 44 0f 45 e0 45 85 e4 0f 95 


Stack slot to memory mapping:
stack at sp + 0 slots: 0x00000176eec077f8 points into unknown readable memory: 0x00007ffc38f83fa0 | a0 3f f8 38 fc 7f 00 00
stack at sp + 1 slots: 0x0000000000000001 is an unknown value
stack at sp + 2 slots: 0x00000019264fbfc0 is pointing into the stack for thread: 0x00000176e79e5760
stack at sp + 3 slots: 0x00000176eff86f80 points into unknown readable memory: 0x000000000000007c | 7c 00 00 00 00 00 00 00
stack at sp + 4 slots: 0x00000176ef691360 points into unknown readable memory: 0x000000000000001b | 1b 00 00 00 00 00 00 00
stack at sp + 5 slots: 0x00000176ef691350 points into unknown readable memory: 0x00000176ef6913c0 | c0 13 69 ef 76 01 00 00
stack at sp + 6 slots: 0x0 is NULL
stack at sp + 7 slots: 0x0000000200000351 is an unknown value


---------------  P R O C E S S  ---------------

Threads class SMR info:
_java_thread_list=0x00000176f04d1500, length=40, elements={
0x00000176cbe2b0c0, 0x00000176e780e670, 0x00000176e79909b0, 0x00000176e79df230,
0x00000176e79dffc0, 0x00000176e79e4000, 0x00000176e79e49c0, 0x00000176e79e5760,
0x00000176e79e6210, 0x00000176e7a5df30, 0x00000176e77eca70, 0x00000176e7c08ca0,
0x00000176edb43d00, 0x00000176ec74c2a0, 0x00000176ed1d60d0, 0x00000176ed5291a0,
0x00000176ee039f30, 0x00000176ed604cd0, 0x00000176ed605620, 0x00000176ed6af050,
0x00000176ed1669c0, 0x00000176ed1664b0, 0x00000176ed167e00, 0x00000176ed165580,
0x00000176ed165fa0, 0x00000176ed165a90, 0x00000176ed1673e0, 0x00000176ed1678f0,
0x00000176ed168310, 0x00000176ed168820, 0x00000176ed165070, 0x00000176ef369f40,
0x00000176ef36eb30, 0x00000176ef540090, 0x00000176ef36a960, 0x00000176ef36e110,
0x00000176ef36ae70, 0x00000176ef36ff70, 0x00000176ef36ccd0, 0x00000176ef36c2b0
}

Java Threads: ( => current thread )
  0x00000176cbe2b0c0 JavaThread "main" [_thread_blocked, id=4600, stack(0x0000001925700000,0x0000001925800000)]
  0x00000176e780e670 JavaThread "Reference Handler" daemon [_thread_blocked, id=15476, stack(0x0000001925e00000,0x0000001925f00000)]
  0x00000176e79909b0 JavaThread "Finalizer" daemon [_thread_blocked, id=17560, stack(0x0000001925f00000,0x0000001926000000)]
  0x00000176e79df230 JavaThread "Signal Dispatcher" daemon [_thread_blocked, id=16848, stack(0x0000001926000000,0x0000001926100000)]
  0x00000176e79dffc0 JavaThread "Attach Listener" daemon [_thread_blocked, id=16916, stack(0x0000001926100000,0x0000001926200000)]
  0x00000176e79e4000 JavaThread "Service Thread" daemon [_thread_blocked, id=13456, stack(0x0000001926200000,0x0000001926300000)]
  0x00000176e79e49c0 JavaThread "Monitor Deflation Thread" daemon [_thread_blocked, id=17972, stack(0x0000001926300000,0x0000001926400000)]
=>0x00000176e79e5760 JavaThread "C2 CompilerThread0" daemon [_thread_in_native, id=14284, stack(0x0000001926400000,0x0000001926500000)]
  0x00000176e79e6210 JavaThread "C1 CompilerThread0" daemon [_thread_blocked, id=16688, stack(0x0000001926500000,0x0000001926600000)]
  0x00000176e7a5df30 JavaThread "Sweeper thread" daemon [_thread_blocked, id=2480, stack(0x0000001926600000,0x0000001926700000)]
  0x00000176e77eca70 JavaThread "Common-Cleaner" daemon [_thread_blocked, id=17392, stack(0x0000001926700000,0x0000001926800000)]
  0x00000176e7c08ca0 JavaThread "Notification Thread" daemon [_thread_blocked, id=16572, stack(0x0000001926800000,0x0000001926900000)]
  0x00000176edb43d00 JavaThread "Daemon health stats" [_thread_blocked, id=17536, stack(0x0000001927000000,0x0000001927100000)]
  0x00000176ec74c2a0 JavaThread "Incoming local TCP Connector on port 50456" [_thread_in_native, id=2564, stack(0x0000001927100000,0x0000001927200000)]
  0x00000176ed1d60d0 JavaThread "Daemon periodic checks" [_thread_blocked, id=14152, stack(0x0000001927200000,0x0000001927300000)]
  0x00000176ed5291a0 JavaThread "Daemon" [_thread_blocked, id=4020, stack(0x0000001927300000,0x0000001927400000)]
  0x00000176ee039f30 JavaThread "Handler for socket connection from /127.0.0.1:50456 to /127.0.0.1:50457" [_thread_in_native, id=15612, stack(0x0000001927400000,0x0000001927500000)]
  0x00000176ed604cd0 JavaThread "Cancel handler" [_thread_blocked, id=15884, stack(0x0000001927500000,0x0000001927600000)]
  0x00000176ed605620 JavaThread "Daemon worker" [_thread_in_native, id=13624, stack(0x0000001927600000,0x0000001927700000)]
  0x00000176ed6af050 JavaThread "Asynchronous log dispatcher for DefaultDaemonConnection: socket connection from /127.0.0.1:50456 to /127.0.0.1:50457" [_thread_blocked, id=3928, stack(0x0000001927700000,0x0000001927800000)]
  0x00000176ed1669c0 JavaThread "Stdin handler" [_thread_blocked, id=14736, stack(0x0000001927800000,0x0000001927900000)]
  0x00000176ed1664b0 JavaThread "Daemon client event forwarder" [_thread_blocked, id=16668, stack(0x0000001927900000,0x0000001927a00000)]
  0x00000176ed167e00 JavaThread "Cache worker for journal cache (C:\Users\Luis_\.gradle\caches\journal-1)" [_thread_blocked, id=8472, stack(0x0000001927b00000,0x0000001927c00000)]
  0x00000176ed165580 JavaThread "File lock request listener" [_thread_in_native, id=10928, stack(0x0000001927c00000,0x0000001927d00000)]
  0x00000176ed165fa0 JavaThread "Cache worker for file hash cache (C:\Users\Luis_\.gradle\caches\8.3\fileHashes)" [_thread_blocked, id=12124, stack(0x0000001927d00000,0x0000001927e00000)]
  0x00000176ed165a90 JavaThread "File watcher server" daemon [_thread_in_native, id=16884, stack(0x0000001927e00000,0x0000001927f00000)]
  0x00000176ed1673e0 JavaThread "File watcher consumer" daemon [_thread_blocked, id=17384, stack(0x0000001927f00000,0x0000001928000000)]
  0x00000176ed1678f0 JavaThread "jar transforms" [_thread_blocked, id=15208, stack(0x0000001926a00000,0x0000001926b00000)]
  0x00000176ed168310 JavaThread "jar transforms Thread 2" [_thread_blocked, id=15104, stack(0x0000001928000000,0x0000001928100000)]
  0x00000176ed168820 JavaThread "jar transforms Thread 3" [_thread_blocked, id=17824, stack(0x0000001928100000,0x0000001928200000)]
  0x00000176ed165070 JavaThread "jar transforms Thread 4" [_thread_blocked, id=15436, stack(0x0000001928200000,0x0000001928300000)]
  0x00000176ef369f40 JavaThread "jar transforms Thread 5" [_thread_blocked, id=16716, stack(0x0000001928300000,0x0000001928400000)]
  0x00000176ef36eb30 JavaThread "jar transforms Thread 6" [_thread_blocked, id=2476, stack(0x0000001928400000,0x0000001928500000)]
  0x00000176ef540090 JavaThread "C2 CompilerThread1" daemon [_thread_blocked, id=6520, stack(0x0000001928500000,0x0000001928600000)]
  0x00000176ef36a960 JavaThread "Cache worker for checksums cache (C:\Users\Luis_\OneDrive\Documentos\React-Native\primeiroProjeto\android\.gradle\8.3\checksums)" [_thread_blocked, id=15212, stack(0x0000001928600000,0x0000001928700000)]
  0x00000176ef36e110 JavaThread "Cache worker for file hash cache (C:\Users\Luis_\OneDrive\Documentos\React-Native\primeiroProjeto\android\.gradle\8.3\fileHashes)" [_thread_blocked, id=1124, stack(0x0000001928700000,0x0000001928800000)]
  0x00000176ef36ae70 JavaThread "Cache worker for cache directory md-supplier (C:\Users\Luis_\.gradle\caches\8.3\md-supplier)" [_thread_blocked, id=18292, stack(0x0000001928900000,0x0000001928a00000)]
  0x00000176ef36ff70 JavaThread "Cache worker for file content cache (C:\Users\Luis_\.gradle\caches\8.3\fileContent)" [_thread_blocked, id=16996, stack(0x0000001928a00000,0x0000001928b00000)]
  0x00000176ef36ccd0 JavaThread "Cache worker for cache directory md-rule (C:\Users\Luis_\.gradle\caches\8.3\md-rule)" [_thread_blocked, id=14428, stack(0x0000001928b00000,0x0000001928c00000)]
  0x00000176ef36c2b0 JavaThread "Cache worker for execution history cache (C:\Users\Luis_\.gradle\caches\8.3\executionHistory)" [_thread_blocked, id=6584, stack(0x0000001928c00000,0x0000001928d00000)]

Other Threads:
  0x00000176e780dfe0 VMThread "VM Thread" [stack: 0x0000001925d00000,0x0000001925e00000] [id=18168]
  0x00000176cbe2bf40 WatcherThread [stack: 0x0000001926900000,0x0000001926a00000] [id=14188]
  0x00000176cbe85b40 GCTaskThread "GC Thread#0" [stack: 0x0000001925800000,0x0000001925900000] [id=4124]
  0x00000176ec5fefa0 GCTaskThread "GC Thread#1" [stack: 0x0000001926b00000,0x0000001926c00000] [id=17244]
  0x00000176eca54dc0 GCTaskThread "GC Thread#2" [stack: 0x0000001926c00000,0x0000001926d00000] [id=14964]
  0x00000176eca55080 GCTaskThread "GC Thread#3" [stack: 0x0000001926d00000,0x0000001926e00000] [id=14752]
  0x00000176eca55340 GCTaskThread "GC Thread#4" [stack: 0x0000001926e00000,0x0000001926f00000] [id=12128]
  0x00000176ec7e88d0 GCTaskThread "GC Thread#5" [stack: 0x0000001926f00000,0x0000001927000000] [id=10196]
  0x00000176cbe96a90 ConcurrentGCThread "G1 Main Marker" [stack: 0x0000001925900000,0x0000001925a00000] [id=17212]
  0x00000176cbe97c50 ConcurrentGCThread "G1 Conc#0" [stack: 0x0000001925a00000,0x0000001925b00000] [id=15512]
  0x00000176ed8877e0 ConcurrentGCThread "G1 Conc#1" [stack: 0x0000001927a00000,0x0000001927b00000] [id=3756]
  0x00000176cbedd4c0 ConcurrentGCThread "G1 Refine#0" [stack: 0x0000001925b00000,0x0000001925c00000] [id=17576]
  0x00000176ef0e1ff0 ConcurrentGCThread "G1 Refine#1" [stack: 0x0000001928800000,0x0000001928900000] [id=3884]
  0x00000176cbeddef0 ConcurrentGCThread "G1 Service" [stack: 0x0000001925c00000,0x0000001925d00000] [id=13372]

Threads with active compile tasks:
C2 CompilerThread0     5101 4010   !   4       java.net.URL::<init> (543 bytes)

VM state: not at safepoint (normal execution)

VM Mutex/Monitor currently owned by a thread: None

Heap address: 0x0000000080000000, size: 2048 MB, Compressed Oops mode: 32-bit

CDS archive(s) not mapped
Compressed class space mapped at: 0x0000000100000000-0x000000011a000000, reserved size: 436207616
Narrow klass base: 0x0000000000000000, Narrow klass shift: 3, Narrow klass range: 0x11a000000

GC Precious Log:
 CPUs: 6 total, 6 available
 Memory: 16325M
 Large Page Support: Disabled
 NUMA Support: Disabled
 Compressed Oops: Enabled (32-bit)
 Heap Region Size: 1M
 Heap Min Capacity: 8M
 Heap Initial Capacity: 256M
 Heap Max Capacity: 2G
 Pre-touch: Disabled
 Parallel Workers: 6
 Concurrent Workers: 2
 Concurrent Refinement Workers: 6
 Periodic GC: Disabled

Heap:
 garbage-first heap   total 93184K, used 53548K [0x0000000080000000, 0x0000000100000000)
  region size 1024K, 13 young (13312K), 3 survivors (3072K)
 Metaspace       used 45034K, committed 45440K, reserved 491520K
  class space    used 6125K, committed 6336K, reserved 425984K

Heap Regions: E=young(eden), S=young(survivor), O=old, HS=humongous(starts), HC=humongous(continues), CS=collection set, F=free, OA=open archive, CA=closed archive, TAMS=top-at-mark-start (previous, next)
|   0|0x0000000080000000, 0x0000000080100000, 0x0000000080100000|100%|HS|  |TAMS 0x0000000080100000, 0x0000000080000000| Complete 
|   1|0x0000000080100000, 0x0000000080200000, 0x0000000080200000|100%|HC|  |TAMS 0x0000000080200000, 0x0000000080100000| Complete 
|   2|0x0000000080200000, 0x0000000080300000, 0x0000000080300000|100%|HC|  |TAMS 0x0000000080300000, 0x0000000080200000| Complete 
|   3|0x0000000080300000, 0x0000000080400000, 0x0000000080400000|100%|HC|  |TAMS 0x0000000080400000, 0x0000000080300000| Complete 
|   4|0x0000000080400000, 0x0000000080500000, 0x0000000080500000|100%| O|  |TAMS 0x0000000080500000, 0x0000000080400000| Untracked 
|   5|0x0000000080500000, 0x0000000080600000, 0x0000000080600000|100%| O|  |TAMS 0x0000000080600000, 0x0000000080500000| Untracked 
|   6|0x0000000080600000, 0x0000000080700000, 0x0000000080700000|100%| O|  |TAMS 0x0000000080700000, 0x0000000080600000| Untracked 
|   7|0x0000000080700000, 0x0000000080800000, 0x0000000080800000|100%| O|  |TAMS 0x0000000080800000, 0x0000000080700000| Untracked 
|   8|0x0000000080800000, 0x0000000080900000, 0x0000000080900000|100%| O|  |TAMS 0x0000000080900000, 0x0000000080800000| Untracked 
|   9|0x0000000080900000, 0x0000000080a00000, 0x0000000080a00000|100%| O|  |TAMS 0x0000000080a00000, 0x0000000080900000| Untracked 
|  10|0x0000000080a00000, 0x0000000080a43c00, 0x0000000080b00000| 26%| O|  |TAMS 0x0000000080a43c00, 0x0000000080a00000| Untracked 
|  11|0x0000000080b00000, 0x0000000080c00000, 0x0000000080c00000|100%| O|  |TAMS 0x0000000080c00000, 0x0000000080b00000| Untracked 
|  12|0x0000000080c00000, 0x0000000080d00000, 0x0000000080d00000|100%| O|  |TAMS 0x0000000080d00000, 0x0000000080c00000| Untracked 
|  13|0x0000000080d00000, 0x0000000080e00000, 0x0000000080e00000|100%| O|  |TAMS 0x0000000080e00000, 0x0000000080d00000| Untracked 
|  14|0x0000000080e00000, 0x0000000080f00000, 0x0000000080f00000|100%| O|  |TAMS 0x0000000080f00000, 0x0000000080e00000| Untracked 
|  15|0x0000000080f00000, 0x0000000081000000, 0x0000000081000000|100%| O|  |TAMS 0x0000000081000000, 0x0000000080f00000| Untracked 
|  16|0x0000000081000000, 0x0000000081100000, 0x0000000081100000|100%| O|  |TAMS 0x0000000081100000, 0x0000000081000000| Untracked 
|  17|0x0000000081100000, 0x0000000081200000, 0x0000000081200000|100%| O|  |TAMS 0x0000000081200000, 0x0000000081100000| Untracked 
|  18|0x0000000081200000, 0x0000000081300000, 0x0000000081300000|100%| O|  |TAMS 0x0000000081300000, 0x0000000081200000| Untracked 
|  19|0x0000000081300000, 0x0000000081400000, 0x0000000081400000|100%| O|  |TAMS 0x0000000081400000, 0x0000000081300000| Untracked 
|  20|0x0000000081400000, 0x0000000081500000, 0x0000000081500000|100%|HS|  |TAMS 0x0000000081500000, 0x0000000081400000| Complete 
|  21|0x0000000081500000, 0x0000000081600000, 0x0000000081600000|100%|HC|  |TAMS 0x0000000081600000, 0x0000000081500000| Complete 
|  22|0x0000000081600000, 0x0000000081700000, 0x0000000081700000|100%|HS|  |TAMS 0x0000000081700000, 0x0000000081600000| Complete 
|  23|0x0000000081700000, 0x0000000081800000, 0x0000000081800000|100%|HC|  |TAMS 0x0000000081800000, 0x0000000081700000| Complete 
|  24|0x0000000081800000, 0x0000000081900000, 0x0000000081900000|100%|HC|  |TAMS 0x0000000081900000, 0x0000000081800000| Complete 
|  25|0x0000000081900000, 0x0000000081a00000, 0x0000000081a00000|100%|HS|  |TAMS 0x0000000081a00000, 0x0000000081900000| Complete 
|  26|0x0000000081a00000, 0x0000000081b00000, 0x0000000081b00000|100%|HC|  |TAMS 0x0000000081b00000, 0x0000000081a00000| Complete 
|  27|0x0000000081b00000, 0x0000000081c00000, 0x0000000081c00000|100%|HC|  |TAMS 0x0000000081c00000, 0x0000000081b00000| Complete 
|  28|0x0000000081c00000, 0x0000000081d00000, 0x0000000081d00000|100%|HS|  |TAMS 0x0000000081d00000, 0x0000000081c00000| Complete 
|  29|0x0000000081d00000, 0x0000000081e00000, 0x0000000081e00000|100%|HC|  |TAMS 0x0000000081e00000, 0x0000000081d00000| Complete 
|  30|0x0000000081e00000, 0x0000000081f00000, 0x0000000081f00000|100%|HC|  |TAMS 0x0000000081f00000, 0x0000000081e00000| Complete 
|  31|0x0000000081f00000, 0x0000000082000000, 0x0000000082000000|100%| O|  |TAMS 0x0000000082000000, 0x0000000081f00000| Untracked 
|  32|0x0000000082000000, 0x0000000082100000, 0x0000000082100000|100%| O|  |TAMS 0x0000000082100000, 0x0000000082000000| Untracked 
|  33|0x0000000082100000, 0x0000000082200000, 0x0000000082200000|100%| O|  |TAMS 0x0000000082200000, 0x0000000082100000| Untracked 
|  34|0x0000000082200000, 0x0000000082300000, 0x0000000082300000|100%| O|  |TAMS 0x0000000082300000, 0x0000000082200000| Untracked 
|  35|0x0000000082300000, 0x0000000082400000, 0x0000000082400000|100%| O|  |TAMS 0x0000000082400000, 0x0000000082300000| Untracked 
|  36|0x0000000082400000, 0x0000000082500000, 0x0000000082500000|100%| O|  |TAMS 0x0000000082500000, 0x0000000082400000| Untracked 
|  37|0x0000000082500000, 0x0000000082600000, 0x0000000082600000|100%| O|  |TAMS 0x0000000082600000, 0x0000000082500000| Untracked 
|  38|0x0000000082600000, 0x0000000082700000, 0x0000000082700000|100%| O|  |TAMS 0x0000000082700000, 0x0000000082600000| Untracked 
|  39|0x0000000082700000, 0x000000008279bc00, 0x0000000082800000| 60%| O|  |TAMS 0x000000008279bc00, 0x0000000082700000| Untracked 
|  40|0x0000000082800000, 0x0000000082900000, 0x0000000082900000|100%| O|  |TAMS 0x0000000082900000, 0x0000000082800000| Untracked 
|  41|0x0000000082900000, 0x0000000082a00000, 0x0000000082a00000|100%| O|  |TAMS 0x0000000082a00000, 0x0000000082900000| Untracked 
|  42|0x0000000082a00000, 0x0000000082a00000, 0x0000000082b00000|  0%| F|  |TAMS 0x0000000082a00000, 0x0000000082a00000| Untracked 
|  43|0x0000000082b00000, 0x0000000082b00000, 0x0000000082c00000|  0%| F|  |TAMS 0x0000000082b00000, 0x0000000082b00000| Untracked 
|  44|0x0000000082c00000, 0x0000000082c00000, 0x0000000082d00000|  0%| F|  |TAMS 0x0000000082c00000, 0x0000000082c00000| Untracked 
|  45|0x0000000082d00000, 0x0000000082d00000, 0x0000000082e00000|  0%| F|  |TAMS 0x0000000082d00000, 0x0000000082d00000| Untracked 
|  46|0x0000000082e00000, 0x0000000082e00000, 0x0000000082f00000|  0%| F|  |TAMS 0x0000000082e00000, 0x0000000082e00000| Untracked 
|  47|0x0000000082f00000, 0x0000000082f00000, 0x0000000083000000|  0%| F|  |TAMS 0x0000000082f00000, 0x0000000082f00000| Untracked 
|  48|0x0000000083000000, 0x0000000083000000, 0x0000000083100000|  0%| F|  |TAMS 0x0000000083000000, 0x0000000083000000| Untracked 
|  49|0x0000000083100000, 0x0000000083100000, 0x0000000083200000|  0%| F|  |TAMS 0x0000000083100000, 0x0000000083100000| Untracked 
|  50|0x0000000083200000, 0x0000000083200000, 0x0000000083300000|  0%| F|  |TAMS 0x0000000083200000, 0x0000000083200000| Untracked 
|  51|0x0000000083300000, 0x0000000083300000, 0x0000000083400000|  0%| F|  |TAMS 0x0000000083300000, 0x0000000083300000| Untracked 
|  52|0x0000000083400000, 0x0000000083400000, 0x0000000083500000|  0%| F|  |TAMS 0x0000000083400000, 0x0000000083400000| Untracked 
|  53|0x0000000083500000, 0x000000008356ba80, 0x0000000083600000| 42%| S|CS|TAMS 0x0000000083500000, 0x0000000083500000| Complete 
|  54|0x0000000083600000, 0x0000000083700000, 0x0000000083700000|100%| S|CS|TAMS 0x0000000083600000, 0x0000000083600000| Complete 
|  55|0x0000000083700000, 0x0000000083800000, 0x0000000083800000|100%| S|CS|TAMS 0x0000000083700000, 0x0000000083700000| Complete 
|  56|0x0000000083800000, 0x0000000083800000, 0x0000000083900000|  0%| F|  |TAMS 0x0000000083800000, 0x0000000083800000| Untracked 
|  57|0x0000000083900000, 0x0000000083900000, 0x0000000083a00000|  0%| F|  |TAMS 0x0000000083900000, 0x0000000083900000| Untracked 
|  58|0x0000000083a00000, 0x0000000083a00000, 0x0000000083b00000|  0%| F|  |TAMS 0x0000000083a00000, 0x0000000083a00000| Untracked 
|  59|0x0000000083b00000, 0x0000000083b00000, 0x0000000083c00000|  0%| F|  |TAMS 0x0000000083b00000, 0x0000000083b00000| Untracked 
|  60|0x0000000083c00000, 0x0000000083c00000, 0x0000000083d00000|  0%| F|  |TAMS 0x0000000083c00000, 0x0000000083c00000| Untracked 
|  61|0x0000000083d00000, 0x0000000083d00000, 0x0000000083e00000|  0%| F|  |TAMS 0x0000000083d00000, 0x0000000083d00000| Untracked 
|  62|0x0000000083e00000, 0x0000000083e00000, 0x0000000083f00000|  0%| F|  |TAMS 0x0000000083e00000, 0x0000000083e00000| Untracked 
|  63|0x0000000083f00000, 0x0000000083f00000, 0x0000000084000000|  0%| F|  |TAMS 0x0000000083f00000, 0x0000000083f00000| Untracked 
|  64|0x0000000084000000, 0x0000000084000000, 0x0000000084100000|  0%| F|  |TAMS 0x0000000084000000, 0x0000000084000000| Untracked 
|  65|0x0000000084100000, 0x0000000084100000, 0x0000000084200000|  0%| F|  |TAMS 0x0000000084100000, 0x0000000084100000| Untracked 
|  66|0x0000000084200000, 0x0000000084200000, 0x0000000084300000|  0%| F|  |TAMS 0x0000000084200000, 0x0000000084200000| Untracked 
|  67|0x0000000084300000, 0x0000000084300000, 0x0000000084400000|  0%| F|  |TAMS 0x0000000084300000, 0x0000000084300000| Untracked 
|  68|0x0000000084400000, 0x0000000084400000, 0x0000000084500000|  0%| F|  |TAMS 0x0000000084400000, 0x0000000084400000| Untracked 
|  69|0x0000000084500000, 0x0000000084500000, 0x0000000084600000|  0%| F|  |TAMS 0x0000000084500000, 0x0000000084500000| Untracked 
|  70|0x0000000084600000, 0x0000000084600000, 0x0000000084700000|  0%| F|  |TAMS 0x0000000084600000, 0x0000000084600000| Untracked 
|  71|0x0000000084700000, 0x0000000084700000, 0x0000000084800000|  0%| F|  |TAMS 0x0000000084700000, 0x0000000084700000| Untracked 
|  72|0x0000000084800000, 0x0000000084800000, 0x0000000084900000|  0%| F|  |TAMS 0x0000000084800000, 0x0000000084800000| Untracked 
|  73|0x0000000084900000, 0x0000000084900000, 0x0000000084a00000|  0%| F|  |TAMS 0x0000000084900000, 0x0000000084900000| Untracked 
|  74|0x0000000084a00000, 0x0000000084a00000, 0x0000000084b00000|  0%| F|  |TAMS 0x0000000084a00000, 0x0000000084a00000| Untracked 
|  75|0x0000000084b00000, 0x0000000084b00000, 0x0000000084c00000|  0%| F|  |TAMS 0x0000000084b00000, 0x0000000084b00000| Untracked 
|  76|0x0000000084c00000, 0x0000000084c00000, 0x0000000084d00000|  0%| F|  |TAMS 0x0000000084c00000, 0x0000000084c00000| Untracked 
|  77|0x0000000084d00000, 0x0000000084d00000, 0x0000000084e00000|  0%| F|  |TAMS 0x0000000084d00000, 0x0000000084d00000| Untracked 
|  78|0x0000000084e00000, 0x0000000084e00000, 0x0000000084f00000|  0%| F|  |TAMS 0x0000000084e00000, 0x0000000084e00000| Untracked 
|  79|0x0000000084f00000, 0x0000000084f00000, 0x0000000085000000|  0%| F|  |TAMS 0x0000000084f00000, 0x0000000084f00000| Untracked 
|  80|0x0000000085000000, 0x0000000085000000, 0x0000000085100000|  0%| F|  |TAMS 0x0000000085000000, 0x0000000085000000| Untracked 
| 197|0x000000008c500000, 0x000000008c580800, 0x000000008c600000| 50%| E|  |TAMS 0x000000008c500000, 0x000000008c500000| Complete 
| 198|0x000000008c600000, 0x000000008c700000, 0x000000008c700000|100%| E|CS|TAMS 0x000000008c600000, 0x000000008c600000| Complete 
| 199|0x000000008c700000, 0x000000008c800000, 0x000000008c800000|100%| E|CS|TAMS 0x000000008c700000, 0x000000008c700000| Complete 
| 200|0x000000008c800000, 0x000000008c900000, 0x000000008c900000|100%| E|CS|TAMS 0x000000008c800000, 0x000000008c800000| Complete 
| 201|0x000000008c900000, 0x000000008ca00000, 0x000000008ca00000|100%| E|CS|TAMS 0x000000008c900000, 0x000000008c900000| Complete 
| 202|0x000000008ca00000, 0x000000008cb00000, 0x000000008cb00000|100%| E|CS|TAMS 0x000000008ca00000, 0x000000008ca00000| Complete 
| 203|0x000000008cb00000, 0x000000008cc00000, 0x000000008cc00000|100%| E|CS|TAMS 0x000000008cb00000, 0x000000008cb00000| Complete 
| 204|0x000000008cc00000, 0x000000008cd00000, 0x000000008cd00000|100%| E|CS|TAMS 0x000000008cc00000, 0x000000008cc00000| Complete 
| 205|0x000000008cd00000, 0x000000008ce00000, 0x000000008ce00000|100%| E|CS|TAMS 0x000000008cd00000, 0x000000008cd00000| Complete 
| 255|0x000000008ff00000, 0x0000000090000000, 0x0000000090000000|100%| E|CS|TAMS 0x000000008ff00000, 0x000000008ff00000| Complete 

Card table byte_map: [0x00000176e0740000,0x00000176e0b40000] _byte_map_base: 0x00000176e0340000

Marking Bits (Prev, Next): (CMBitMap*) 0x00000176cbe86160, (CMBitMap*) 0x00000176cbe861a0
 Prev Bits: [0x00000176e0f40000, 0x00000176e2f40000)
 Next Bits: [0x00000176e2f40000, 0x00000176e4f40000)

Polling page: 0x00000176cbee0000

Metaspace:

Usage:
  Non-class:     38.00 MB used.
      Class:      5.98 MB used.
       Both:     43.99 MB used.

Virtual space:
  Non-class space:       64.00 MB reserved,      38.19 MB ( 60%) committed,  1 nodes.
      Class space:      416.00 MB reserved,       6.19 MB (  1%) committed,  1 nodes.
             Both:      480.00 MB reserved,      44.38 MB (  9%) committed. 

Chunk freelists:
   Non-Class:  9.59 MB
       Class:  9.86 MB
        Both:  19.45 MB

MaxMetaspaceSize: 512.00 MB
CompressedClassSpaceSize: 416.00 MB
Initial GC threshold: 21.00 MB
Current GC threshold: 71.25 MB
CDS: off
MetaspaceReclaimPolicy: balanced
 - commit_granule_bytes: 65536.
 - commit_granule_words: 8192.
 - virtual_space_node_default_size: 8388608.
 - enlarge_chunks_in_place: 1.
 - new_chunks_are_fully_committed: 0.
 - uncommit_free_chunks: 1.
 - use_allocation_guard: 0.
 - handle_deallocations: 1.


Internal statistics:

num_allocs_failed_limit: 3.
num_arena_births: 384.
num_arena_deaths: 2.
num_vsnodes_births: 2.
num_vsnodes_deaths: 0.
num_space_committed: 710.
num_space_uncommitted: 0.
num_chunks_returned_to_freelist: 5.
num_chunks_taken_from_freelist: 1761.
num_chunk_merges: 3.
num_chunk_splits: 1169.
num_chunks_enlarged: 832.
num_inconsistent_stats: 0.

CodeHeap 'non-profiled nmethods': size=120000Kb used=2301Kb max_used=2301Kb free=117698Kb
 bounds [0x00000176d85d0000, 0x00000176d8840000, 0x00000176dfb00000]
CodeHeap 'profiled nmethods': size=120000Kb used=8316Kb max_used=8316Kb free=111683Kb
 bounds [0x00000176d0b00000, 0x00000176d1320000, 0x00000176d8030000]
CodeHeap 'non-nmethods': size=5760Kb used=1609Kb max_used=1673Kb free=4150Kb
 bounds [0x00000176d8030000, 0x00000176d82a0000, 0x00000176d85d0000]
 total_blobs=4797 nmethods=4115 adapters=594
 compilation: enabled
              stopped_count=0, restarted_count=0
 full_count=0

Compilation events (20 events):
Event: 4.993 Thread 0x00000176e79e6210 4049       1       org.codehaus.groovy.util.ManagedConcurrentMap$EntryWithValue::getValue (5 bytes)
Event: 4.993 Thread 0x00000176e79e6210 nmethod 4049 0x00000176d8805590 code [0x00000176d8805720, 0x00000176d88057f8]
Event: 4.993 Thread 0x00000176e79e6210 4052       3       org.codehaus.groovy.ast.ClassNode::getName (8 bytes)
Event: 4.993 Thread 0x00000176e79e6210 nmethod 4052 0x00000176d12f4d90 code [0x00000176d12f4f40, 0x00000176d12f5368]
Event: 4.993 Thread 0x00000176e79e6210 4051       3       java.lang.invoke.BoundMethodHandle::editor (8 bytes)
Event: 4.993 Thread 0x00000176e79e6210 nmethod 4051 0x00000176d12f5490 code [0x00000176d12f5660, 0x00000176d12f59e8]
Event: 4.996 Thread 0x00000176e79e6210 4053       3       org.codehaus.groovy.ast.ClassNode::getSuperClass (70 bytes)
Event: 4.997 Thread 0x00000176e79e6210 nmethod 4053 0x00000176d12f5b90 code [0x00000176d12f5e80, 0x00000176d12f6fb8]
Event: 4.997 Thread 0x00000176e79e6210 4058       3       org.codehaus.groovy.ast.ClassNode::hashCode (25 bytes)
Event: 4.997 Thread 0x00000176e79e6210 nmethod 4058 0x00000176d12f7490 code [0x00000176d12f7660, 0x00000176d12f7988]
Event: 4.997 Thread 0x00000176e79e6210 4055       3       org.codehaus.groovy.ast.MethodNode::getTypeDescriptor (20 bytes)
Event: 4.997 Thread 0x00000176e79e6210 nmethod 4055 0x00000176d12f7a90 code [0x00000176d12f7c40, 0x00000176d12f7e08]
Event: 4.997 Thread 0x00000176e79e6210 4054       3       org.codehaus.groovy.ast.ClassNode::getInterfaces (24 bytes)
Event: 4.997 Thread 0x00000176e79e6210 nmethod 4054 0x00000176d12f7e90 code [0x00000176d12f8040, 0x00000176d12f82b8]
Event: 4.997 Thread 0x00000176e79e6210 4056       1       org.codehaus.groovy.ast.AnnotatedNode::getDeclaringClass (5 bytes)
Event: 4.997 Thread 0x00000176e79e6210 nmethod 4056 0x00000176d8805890 code [0x00000176d8805a20, 0x00000176d8805af8]
Event: 4.997 Thread 0x00000176e79e6210 4057       3       org.codehaus.groovy.ast.ClassNode::getUnresolvedSuperClass (34 bytes)
Event: 4.998 Thread 0x00000176e79e6210 nmethod 4057 0x00000176d12f8390 code [0x00000176d12f8560, 0x00000176d12f8838]
Event: 4.998 Thread 0x00000176e79e6210 4059       3       java.util.Optional::map (30 bytes)
Event: 4.998 Thread 0x00000176e79e6210 nmethod 4059 0x00000176d12f8910 code [0x00000176d12f8b20, 0x00000176d12f91f8]

GC Heap History (20 events):
Event: 0.997 GC heap before
{Heap before GC invocations=1 (full 0):
 garbage-first heap   total 262144K, used 31857K [0x0000000080000000, 0x0000000100000000)
  region size 1024K, 25 young (25600K), 3 survivors (3072K)
 Metaspace       used 11453K, committed 11648K, reserved 491520K
  class space    used 1200K, committed 1280K, reserved 425984K
}
Event: 0.999 GC heap after
{Heap after GC invocations=2 (full 0):
 garbage-first heap   total 262144K, used 11322K [0x0000000080000000, 0x0000000100000000)
  region size 1024K, 1 young (1024K), 1 survivors (1024K)
 Metaspace       used 11453K, committed 11648K, reserved 491520K
  class space    used 1200K, committed 1280K, reserved 425984K
}
Event: 1.835 GC heap before
{Heap before GC invocations=2 (full 0):
 garbage-first heap   total 262144K, used 61498K [0x0000000080000000, 0x0000000100000000)
  region size 1024K, 50 young (51200K), 1 survivors (1024K)
 Metaspace       used 21291K, committed 21504K, reserved 491520K
  class space    used 2517K, committed 2624K, reserved 425984K
}
Event: 1.838 GC heap after
{Heap after GC invocations=3 (full 0):
 garbage-first heap   total 262144K, used 19274K [0x0000000080000000, 0x0000000100000000)
  region size 1024K, 9 young (9216K), 9 survivors (9216K)
 Metaspace       used 21291K, committed 21504K, reserved 491520K
  class space    used 2517K, committed 2624K, reserved 425984K
}
Event: 2.286 GC heap before
{Heap before GC invocations=4 (full 0):
 garbage-first heap   total 71680K, used 53066K [0x0000000080000000, 0x0000000100000000)
  region size 1024K, 42 young (43008K), 9 survivors (9216K)
 Metaspace       used 26261K, committed 26560K, reserved 491520K
  class space    used 3386K, committed 3520K, reserved 425984K
}
Event: 2.290 GC heap after
{Heap after GC invocations=5 (full 0):
 garbage-first heap   total 71680K, used 20989K [0x0000000080000000, 0x0000000100000000)
  region size 1024K, 3 young (3072K), 3 survivors (3072K)
 Metaspace       used 26261K, committed 26560K, reserved 491520K
  class space    used 3386K, committed 3520K, reserved 425984K
}
Event: 2.737 GC heap before
{Heap before GC invocations=5 (full 0):
 garbage-first heap   total 71680K, used 47613K [0x0000000080000000, 0x0000000100000000)
  region size 1024K, 29 young (29696K), 3 survivors (3072K)
 Metaspace       used 30046K, committed 30336K, reserved 491520K
  class space    used 4032K, committed 4160K, reserved 425984K
}
Event: 2.739 GC heap after
{Heap after GC invocations=6 (full 0):
 garbage-first heap   total 71680K, used 22310K [0x0000000080000000, 0x0000000100000000)
  region size 1024K, 4 young (4096K), 4 survivors (4096K)
 Metaspace       used 30046K, committed 30336K, reserved 491520K
  class space    used 4032K, committed 4160K, reserved 425984K
}
Event: 3.983 GC heap before
{Heap before GC invocations=6 (full 0):
 garbage-first heap   total 71680K, used 58150K [0x0000000080000000, 0x0000000100000000)
  region size 1024K, 30 young (30720K), 4 survivors (4096K)
 Metaspace       used 32808K, committed 33088K, reserved 491520K
  class space    used 4492K, committed 4608K, reserved 425984K
}
Event: 3.986 GC heap after
{Heap after GC invocations=7 (full 0):
 garbage-first heap   total 71680K, used 38188K [0x0000000080000000, 0x0000000100000000)
  region size 1024K, 4 young (4096K), 4 survivors (4096K)
 Metaspace       used 32808K, committed 33088K, reserved 491520K
  class space    used 4492K, committed 4608K, reserved 425984K
}
Event: 4.213 GC heap before
{Heap before GC invocations=7 (full 0):
 garbage-first heap   total 71680K, used 54572K [0x0000000080000000, 0x0000000100000000)
  region size 1024K, 21 young (21504K), 4 survivors (4096K)
 Metaspace       used 35079K, committed 35456K, reserved 491520K
  class space    used 4845K, committed 4992K, reserved 425984K
}
Event: 4.215 GC heap after
{Heap after GC invocations=8 (full 0):
 garbage-first heap   total 71680K, used 39029K [0x0000000080000000, 0x0000000100000000)
  region size 1024K, 1 young (1024K), 1 survivors (1024K)
 Metaspace       used 35079K, committed 35456K, reserved 491520K
  class space    used 4845K, committed 4992K, reserved 425984K
}
Event: 4.405 GC heap before
{Heap before GC invocations=9 (full 0):
 garbage-first heap   total 71680K, used 56437K [0x0000000080000000, 0x0000000100000000)
  region size 1024K, 19 young (19456K), 1 survivors (1024K)
 Metaspace       used 38470K, committed 38848K, reserved 491520K
  class space    used 5250K, committed 5440K, reserved 425984K
}
Event: 4.406 GC heap after
{Heap after GC invocations=10 (full 0):
 garbage-first heap   total 71680K, used 39611K [0x0000000080000000, 0x0000000100000000)
  region size 1024K, 2 young (2048K), 2 survivors (2048K)
 Metaspace       used 38470K, committed 38848K, reserved 491520K
  class space    used 5250K, committed 5440K, reserved 425984K
}
Event: 4.505 GC heap before
{Heap before GC invocations=10 (full 0):
 garbage-first heap   total 71680K, used 55995K [0x0000000080000000, 0x0000000100000000)
  region size 1024K, 19 young (19456K), 2 survivors (2048K)
 Metaspace       used 39052K, committed 39360K, reserved 491520K
  class space    used 5306K, committed 5440K, reserved 425984K
}
Event: 4.507 GC heap after
{Heap after GC invocations=11 (full 0):
 garbage-first heap   total 71680K, used 41849K [0x0000000080000000, 0x0000000100000000)
  region size 1024K, 3 young (3072K), 3 survivors (3072K)
 Metaspace       used 39052K, committed 39360K, reserved 491520K
  class space    used 5306K, committed 5440K, reserved 425984K
}
Event: 4.679 GC heap before
{Heap before GC invocations=12 (full 0):
 garbage-first heap   total 75776K, used 57209K [0x0000000080000000, 0x0000000100000000)
  region size 1024K, 19 young (19456K), 3 survivors (3072K)
 Metaspace       used 41489K, committed 41856K, reserved 491520K
  class space    used 5747K, committed 5888K, reserved 425984K
}
Event: 4.681 GC heap after
{Heap after GC invocations=13 (full 0):
 garbage-first heap   total 75776K, used 43488K [0x0000000080000000, 0x0000000100000000)
  region size 1024K, 2 young (2048K), 2 survivors (2048K)
 Metaspace       used 41489K, committed 41856K, reserved 491520K
  class space    used 5747K, committed 5888K, reserved 425984K
}
Event: 4.930 GC heap before
{Heap before GC invocations=13 (full 0):
 garbage-first heap   total 75776K, used 58848K [0x0000000080000000, 0x0000000100000000)
  region size 1024K, 18 young (18432K), 2 survivors (2048K)
 Metaspace       used 43323K, committed 43712K, reserved 491520K
  class space    used 5938K, committed 6144K, reserved 425984K
}
Event: 4.932 GC heap after
{Heap after GC invocations=14 (full 0):
 garbage-first heap   total 93184K, used 44332K [0x0000000080000000, 0x0000000100000000)
  region size 1024K, 3 young (3072K), 3 survivors (3072K)
 Metaspace       used 43323K, committed 43712K, reserved 491520K
  class space    used 5938K, committed 6144K, reserved 425984K
}

Dll operation events (3 events):
Event: 0.009 Loaded shared library C:\Program Files\Android\Android Studio\jbr\bin\java.dll
Event: 0.150 Loaded shared library C:\Program Files\Android\Android Studio\jbr\bin\zip.dll
Event: 0.399 Loaded shared library C:\Program Files\Android\Android Studio\jbr\bin\verify.dll

Deoptimization events (20 events):
Event: 4.874 Thread 0x00000176ed605620 DEOPT PACKING pc=0x00000176d873e080 sp=0x00000019276f7bf0
Event: 4.874 Thread 0x00000176ed605620 DEOPT UNPACKING pc=0x00000176d80869a3 sp=0x00000019276f7b98 mode 2
Event: 4.897 Thread 0x00000176ed605620 DEOPT PACKING pc=0x00000176d128813b sp=0x00000019276f78f0
Event: 4.897 Thread 0x00000176ed605620 DEOPT UNPACKING pc=0x00000176d8087143 sp=0x00000019276f6d60 mode 0
Event: 4.897 Thread 0x00000176ed605620 Uncommon trap: trap_request=0xffffffc6 fr.pc=0x00000176d873121c relative=0x000000000000437c
Event: 4.897 Thread 0x00000176ed605620 Uncommon trap: reason=bimorphic_or_optimized_type_check action=maybe_recompile pc=0x00000176d873121c method=java.net.URL.<init>(Ljava/net/URL;Ljava/lang/String;Ljava/net/URLStreamHandler;)V @ 504 c2
Event: 4.897 Thread 0x00000176ed605620 DEOPT PACKING pc=0x00000176d873121c sp=0x00000019276f7a60
Event: 4.897 Thread 0x00000176ed605620 DEOPT UNPACKING pc=0x00000176d80869a3 sp=0x00000019276f7a00 mode 2
Event: 4.922 Thread 0x00000176ed605620 Uncommon trap: trap_request=0xffffffc6 fr.pc=0x00000176d87b82d4 relative=0x00000000000000b4
Event: 4.922 Thread 0x00000176ed605620 Uncommon trap: reason=bimorphic_or_optimized_type_check action=maybe_recompile pc=0x00000176d87b82d4 method=java.util.stream.Sink$ChainedReference.cancellationRequested()Z @ 4 c2
Event: 4.922 Thread 0x00000176ed605620 DEOPT PACKING pc=0x00000176d87b82d4 sp=0x00000019276f8270
Event: 4.922 Thread 0x00000176ed605620 DEOPT UNPACKING pc=0x00000176d80869a3 sp=0x00000019276f81f8 mode 2
Event: 4.922 Thread 0x00000176ed605620 Uncommon trap: trap_request=0xffffffc6 fr.pc=0x00000176d87b82d4 relative=0x00000000000000b4
Event: 4.922 Thread 0x00000176ed605620 Uncommon trap: reason=bimorphic_or_optimized_type_check action=maybe_recompile pc=0x00000176d87b82d4 method=java.util.stream.Sink$ChainedReference.cancellationRequested()Z @ 4 c2
Event: 4.922 Thread 0x00000176ed605620 DEOPT PACKING pc=0x00000176d87b82d4 sp=0x00000019276f8270
Event: 4.922 Thread 0x00000176ed605620 DEOPT UNPACKING pc=0x00000176d80869a3 sp=0x00000019276f81f8 mode 2
Event: 4.944 Thread 0x00000176ed605620 Uncommon trap: trap_request=0xffffff45 fr.pc=0x00000176d86de75c relative=0x0000000000006a7c
Event: 4.944 Thread 0x00000176ed605620 Uncommon trap: reason=unstable_if action=reinterpret pc=0x00000176d86de75c method=jdk.internal.org.objectweb.asm.SymbolTable.addType(Ljava/lang/String;)I @ 33 c2
Event: 4.945 Thread 0x00000176ed605620 DEOPT PACKING pc=0x00000176d86de75c sp=0x00000019276f7670
Event: 4.945 Thread 0x00000176ed605620 DEOPT UNPACKING pc=0x00000176d80869a3 sp=0x00000019276f7598 mode 2

Classes unloaded (1 events):
Event: 4.225 Thread 0x00000176e780dfe0 Unloading class 0x0000000100438400 'java/lang/invoke/LambdaForm$MH+0x0000000100438400'

Classes redefined (0 events):
No events

Internal exceptions (20 events):
Event: 3.955 Thread 0x00000176ed605620 Exception <a 'java/lang/NoSuchMethodError'{0x0000000082ee1f68}: 'java.lang.Object java.lang.invoke.DirectMethodHandle$Holder.newInvokeSpecial(java.lang.Object, java.lang.Object, java.lang.Object, java.lang.Object, java.lang.Object, java.lang.Object, java.lang.Object, java.lang.Object, java.lang.Object, java.lang.Object)'> (0x0000000082ee1f68) 
thrown [s\src\hotspot\share\interpreter\linkResolver.cpp, line 771]
Event: 3.955 Thread 0x00000176ed605620 Exception <a 'java/lang/NoSuchMethodError'{0x0000000082ee6e50}: 'java.lang.Object java.lang.invoke.Invokers$Holder.linkToTargetMethod(java.lang.Object, java.lang.Object, java.lang.Object, java.lang.Object, java.lang.Object, java.lang.Object, java.lang.Object, java.lang.Object, java.lang.Object, java.lang.Object)'> (0x0000000082ee6e50) 
thrown [s\src\hotspot\share\interpreter\linkResolver.cpp, line 771]
Event: 3.961 Thread 0x00000176ed605620 Exception <a 'java/lang/NoSuchMethodError'{0x0000000082d5fa60}: 'java.lang.Object java.lang.invoke.DirectMethodHandle$Holder.newInvokeSpecial(java.lang.Object, java.lang.Object, java.lang.Object, java.lang.Object, java.lang.Object, java.lang.Object, java.lang.Object, java.lang.Object, java.lang.Object, java.lang.Object, java.lang.Object)'> (0x0000000082d5fa60) 
thrown [s\src\hotspot\share\interpreter\linkResolver.cpp, line 771]
Event: 3.961 Thread 0x00000176ed605620 Exception <a 'java/lang/NoSuchMethodError'{0x0000000082d65598}: 'java.lang.Object java.lang.invoke.DirectMethodHandle$Holder.invokeSpecial(java.lang.Object, java.lang.Object, java.lang.Object, java.lang.Object, java.lang.Object, java.lang.Object, java.lang.Object, java.lang.Object, java.lang.Object, java.lang.Object, java.lang.Object, java.lang.Object)'> (0x0000000082d65598) 
thrown [s\src\hotspot\share\interpreter\linkResolver.cpp, line 771]
Event: 3.961 Thread 0x00000176ed605620 Exception <a 'java/lang/NoSuchMethodError'{0x0000000082d6ae70}: 'java.lang.Object java.lang.invoke.Invokers$Holder.linkToTargetMethod(java.lang.Object, java.lang.Object, java.lang.Object, java.lang.Object, java.lang.Object, java.lang.Object, java.lang.Object, java.lang.Object, java.lang.Object, java.lang.Object, java.lang.Object)'> (0x0000000082d6ae70) 
thrown [s\src\hotspot\share\interpreter\linkResolver.cpp, line 771]
Event: 3.971 Thread 0x00000176ed605620 Exception <a 'java/lang/NoSuchMethodError'{0x0000000082c0ff78}: 'java.lang.Object java.lang.invoke.DirectMethodHandle$Holder.invokeStaticInit(java.lang.Object, java.lang.Object, java.lang.Object, java.lang.Object)'> (0x0000000082c0ff78) 
thrown [s\src\hotspot\share\interpreter\linkResolver.cpp, line 771]
Event: 4.049 Thread 0x00000176ed605620 Implicit null exception at 0x00000176d862870f to 0x00000176d8628c8c
Event: 4.208 Thread 0x00000176ed605620 Exception <a 'java/lang/NoSuchMethodError'{0x00000000835aa380}: 'java.lang.Object java.lang.invoke.DirectMethodHandle$Holder.newInvokeSpecial(java.lang.Object, java.lang.Object, java.lang.Object, java.lang.Object, java.lang.Object, java.lang.Object, java.lang.Object, java.lang.Object)'> (0x00000000835aa380) 
thrown [s\src\hotspot\share\interpreter\linkResolver.cpp, line 771]
Event: 4.208 Thread 0x00000176ed605620 Exception <a 'java/lang/NoSuchMethodError'{0x00000000835afdf8}: 'java.lang.Object java.lang.invoke.Invokers$Holder.linkToTargetMethod(java.lang.Object, java.lang.Object, java.lang.Object, java.lang.Object, java.lang.Object, java.lang.Object, java.lang.Object, java.lang.Object)'> (0x00000000835afdf8) 
thrown [s\src\hotspot\share\interpreter\linkResolver.cpp, line 771]
Event: 4.217 Thread 0x00000176ed605620 Exception <a 'java/lang/IncompatibleClassChangeError'{0x000000008ff1dfd0}: Found class java.lang.Object, but interface was expected> (0x000000008ff1dfd0) 
thrown [s\src\hotspot\share\interpreter\linkResolver.cpp, line 838]
Event: 4.356 Thread 0x00000176ed605620 Exception <a 'java/lang/NoSuchMethodError'{0x00000000838b1920}: 'void java.lang.invoke.DirectMethodHandle$Holder.invokeStaticInit(java.lang.Object, java.lang.Object, java.lang.Object)'> (0x00000000838b1920) 
thrown [s\src\hotspot\share\interpreter\linkResolver.cpp, line 771]
Event: 4.356 Thread 0x00000176ed605620 Exception <a 'java/lang/NoSuchMethodError'{0x00000000838b9068}: 'void java.lang.invoke.DirectMethodHandle$Holder.invokeStaticInit(java.lang.Object, java.lang.Object, java.lang.Object, java.lang.Object)'> (0x00000000838b9068) 
thrown [s\src\hotspot\share\interpreter\linkResolver.cpp, line 771]
Event: 4.358 Thread 0x00000176ed605620 Exception <a 'java/lang/NoSuchMethodError'{0x00000000838db570}: 'void java.lang.invoke.DirectMethodHandle$Holder.invokeStaticInit(java.lang.Object, java.lang.Object, java.lang.Object, java.lang.Object, java.lang.Object)'> (0x00000000838db570) 
thrown [s\src\hotspot\share\interpreter\linkResolver.cpp, line 771]
Event: 4.527 Thread 0x00000176ed605620 Exception <a 'java/lang/NoSuchMethodError'{0x000000008cdde910}: 'void java.lang.invoke.DirectMethodHandle$Holder.invokeVirtual(java.lang.Object, java.lang.Object)'> (0x000000008cdde910) 
thrown [s\src\hotspot\share\interpreter\linkResolver.cpp, line 771]
Event: 4.532 Thread 0x00000176ed605620 Exception <a 'java/lang/NoSuchMethodError'{0x000000008cc302e0}: 'void java.lang.invoke.DirectMethodHandle$Holder.invokeStatic(java.lang.Object, java.lang.Object, java.lang.Object, java.lang.Object, java.lang.Object, java.lang.Object)'> (0x000000008cc302e0) 
thrown [s\src\hotspot\share\interpreter\linkResolver.cpp, line 771]
Event: 4.799 Thread 0x00000176ef36eb30 Exception <a 'sun/nio/fs/WindowsException'{0x000000008c55fab8}> (0x000000008c55fab8) 
thrown [s\src\hotspot\share\prims\jni.cpp, line 517]
Event: 4.810 Thread 0x00000176ef36eb30 Exception <a 'sun/nio/fs/WindowsException'{0x000000008c5f78d8}> (0x000000008c5f78d8) 
thrown [s\src\hotspot\share\prims\jni.cpp, line 517]
Event: 4.810 Thread 0x00000176ef36eb30 Exception <a 'sun/nio/fs/WindowsException'{0x000000008c5f7ae8}> (0x000000008c5f7ae8) 
thrown [s\src\hotspot\share\prims\jni.cpp, line 517]
Event: 4.835 Thread 0x00000176ed605620 Exception <a 'java/lang/NoSuchMethodError'{0x0000000083e26508}: 'void java.lang.invoke.DirectMethodHandle$Holder.invokeSpecialIFC(java.lang.Object, java.lang.Object, java.lang.Object)'> (0x0000000083e26508) 
thrown [s\src\hotspot\share\interpreter\linkResolver.cpp, line 771]
Event: 4.859 Thread 0x00000176ed605620 Implicit null exception at 0x00000176d8647a20 to 0x00000176d8647ba4

VM Operations (20 events):
Event: 4.704 Executing VM operation: HandshakeAllThreads
Event: 4.704 Executing VM operation: HandshakeAllThreads done
Event: 4.713 Executing VM operation: ICBufferFull
Event: 4.713 Executing VM operation: ICBufferFull done
Event: 4.809 Executing VM operation: HandshakeAllThreads
Event: 4.809 Executing VM operation: HandshakeAllThreads done
Event: 4.870 Executing VM operation: HandshakeAllThreads
Event: 4.870 Executing VM operation: HandshakeAllThreads done
Event: 4.870 Executing VM operation: HandshakeAllThreads
Event: 4.870 Executing VM operation: HandshakeAllThreads done
Event: 4.930 Executing VM operation: G1CollectForAllocation
Event: 4.932 Executing VM operation: G1CollectForAllocation done
Event: 4.945 Executing VM operation: G1PauseRemark
Event: 4.946 Executing VM operation: G1PauseRemark done
Event: 4.952 Executing VM operation: G1PauseCleanup
Event: 4.952 Executing VM operation: G1PauseCleanup done
Event: 4.952 Executing VM operation: HandshakeAllThreads
Event: 4.952 Executing VM operation: HandshakeAllThreads done
Event: 4.992 Executing VM operation: HandshakeAllThreads
Event: 4.992 Executing VM operation: HandshakeAllThreads done

Events (20 events):
Event: 4.786 loading class java/lang/ProcessBuilder
Event: 4.786 loading class java/lang/ProcessBuilder done
Event: 4.804 loading class java/nio/charset/UnsupportedCharsetException
Event: 4.804 loading class java/nio/charset/UnsupportedCharsetException done
Event: 4.805 loading class java/util/zip/Deflater
Event: 4.806 loading class java/util/zip/Deflater done
Event: 4.806 loading class java/util/zip/Deflater$DeflaterZStreamRef
Event: 4.806 loading class java/util/zip/Deflater$DeflaterZStreamRef done
Event: 4.808 loading class java/nio/StringCharBuffer
Event: 4.808 loading class java/nio/StringCharBuffer done
Event: 4.858 loading class java/beans/Transient
Event: 4.858 loading class java/beans/Transient done
Event: 4.952 loading class java/util/AbstractList$ListItr
Event: 4.952 loading class java/util/AbstractList$ListItr done
Event: 4.982 loading class jdk/internal/vm/annotation/Stable
Event: 4.982 loading class jdk/internal/vm/annotation/Stable done
Event: 4.983 loading class sun/reflect/generics/repository/FieldRepository
Event: 4.983 loading class sun/reflect/generics/repository/FieldRepository done
Event: 4.985 loading class jdk/internal/vm/annotation/ForceInline
Event: 4.985 loading class jdk/internal/vm/annotation/ForceInline done


Dynamic libraries:
0x00007ff74a510000 - 0x00007ff74a51a000 	C:\Program Files\Android\Android Studio\jbr\bin\java.exe
0x00007ffcb7590000 - 0x00007ffcb77a6000 	C:\Windows\SYSTEM32\ntdll.dll
0x00007ffcb6b00000 - 0x00007ffcb6bc4000 	C:\Windows\System32\KERNEL32.DLL
0x00007ffcb4f10000 - 0x00007ffcb52b7000 	C:\Windows\System32\KERNELBASE.dll
0x00007ffcb4bd0000 - 0x00007ffcb4ce1000 	C:\Windows\System32\ucrtbase.dll
0x00007ffc37f90000 - 0x00007ffc37fa7000 	C:\Program Files\Android\Android Studio\jbr\bin\jli.dll
0x00007ffcb5cc0000 - 0x00007ffcb5e6e000 	C:\Windows\System32\USER32.dll
0x00007ffcb4cf0000 - 0x00007ffcb4d16000 	C:\Windows\System32\win32u.dll
0x00007ffcb57a0000 - 0x00007ffcb57c9000 	C:\Windows\System32\GDI32.dll
0x00007ffcb4920000 - 0x00007ffcb4a39000 	C:\Windows\System32\gdi32full.dll
0x00007ffcb4b00000 - 0x00007ffcb4b9a000 	C:\Windows\System32\msvcp_win.dll
0x00007ffca2120000 - 0x00007ffca23b3000 	C:\Windows\WinSxS\amd64_microsoft.windows.common-controls_6595b64144ccf1df_6.0.22621.3235_none_270f74e173860f98\COMCTL32.dll
0x00007ffcb52c0000 - 0x00007ffcb5367000 	C:\Windows\System32\msvcrt.dll
0x00007ffc81570000 - 0x00007ffc8158b000 	C:\Program Files\Android\Android Studio\jbr\bin\VCRUNTIME140.dll
0x00007ffcb6a50000 - 0x00007ffcb6a81000 	C:\Windows\System32\IMM32.DLL
0x00007ffca8bd0000 - 0x00007ffca8bdc000 	C:\Program Files\Android\Android Studio\jbr\bin\vcruntime140_1.dll
0x00007ffc37880000 - 0x00007ffc3790d000 	C:\Program Files\Android\Android Studio\jbr\bin\msvcp140.dll
0x00007ffc38690000 - 0x00007ffc39313000 	C:\Program Files\Android\Android Studio\jbr\bin\server\jvm.dll
0x00007ffcb5f20000 - 0x00007ffcb5fd2000 	C:\Windows\System32\ADVAPI32.dll
0x00007ffcb6130000 - 0x00007ffcb61d8000 	C:\Windows\System32\sechost.dll
0x00007ffcb4ba0000 - 0x00007ffcb4bc8000 	C:\Windows\System32\bcrypt.dll
0x00007ffcb7060000 - 0x00007ffcb7175000 	C:\Windows\System32\RPCRT4.dll
0x00007ffcb3d70000 - 0x00007ffcb3dbd000 	C:\Windows\SYSTEM32\POWRPROF.dll
0x00007ffc8df20000 - 0x00007ffc8df29000 	C:\Windows\SYSTEM32\WSOCK32.dll
0x00007ffcb5b40000 - 0x00007ffcb5bb1000 	C:\Windows\System32\WS2_32.dll
0x00007ffcae550000 - 0x00007ffcae584000 	C:\Windows\SYSTEM32\WINMM.dll
0x00007ffcade00000 - 0x00007ffcade0a000 	C:\Windows\SYSTEM32\VERSION.dll
0x00007ffcb3c60000 - 0x00007ffcb3c73000 	C:\Windows\SYSTEM32\UMPDC.dll
0x00007ffcb3900000 - 0x00007ffcb3918000 	C:\Windows\SYSTEM32\kernel.appcore.dll
0x00007ffc7f8c0000 - 0x00007ffc7f8ca000 	C:\Program Files\Android\Android Studio\jbr\bin\jimage.dll
0x00007ffcaafe0000 - 0x00007ffcab213000 	C:\Windows\SYSTEM32\DBGHELP.DLL
0x00007ffcb5370000 - 0x00007ffcb56f8000 	C:\Windows\System32\combase.dll
0x00007ffcb5be0000 - 0x00007ffcb5cb7000 	C:\Windows\System32\OLEAUT32.dll
0x00007ffca2470000 - 0x00007ffca24a2000 	C:\Windows\SYSTEM32\dbgcore.DLL
0x00007ffcb4d20000 - 0x00007ffcb4d99000 	C:\Windows\System32\bcryptPrimitives.dll
0x00007ffc7e150000 - 0x00007ffc7e15e000 	C:\Program Files\Android\Android Studio\jbr\bin\instrument.dll
0x00007ffc38660000 - 0x00007ffc38685000 	C:\Program Files\Android\Android Studio\jbr\bin\java.dll
0x00007ffc52450000 - 0x00007ffc52468000 	C:\Program Files\Android\Android Studio\jbr\bin\zip.dll
0x00007ffcb61f0000 - 0x00007ffcb6a4c000 	C:\Windows\System32\SHELL32.dll
0x00007ffcb2830000 - 0x00007ffcb3129000 	C:\Windows\SYSTEM32\windows.storage.dll
0x00007ffcb26f0000 - 0x00007ffcb282e000 	C:\Windows\SYSTEM32\wintypes.dll
0x00007ffcb5fe0000 - 0x00007ffcb60d3000 	C:\Windows\System32\SHCORE.dll
0x00007ffcb6aa0000 - 0x00007ffcb6afe000 	C:\Windows\System32\shlwapi.dll
0x00007ffcb47e0000 - 0x00007ffcb4801000 	C:\Windows\SYSTEM32\profapi.dll
0x00007ffc3a370000 - 0x00007ffc3a389000 	C:\Program Files\Android\Android Studio\jbr\bin\net.dll
0x00007ffcaf3e0000 - 0x00007ffcaf516000 	C:\Windows\SYSTEM32\WINHTTP.dll
0x00007ffcb3e60000 - 0x00007ffcb3ec9000 	C:\Windows\system32\mswsock.dll
0x00007ffc38640000 - 0x00007ffc38656000 	C:\Program Files\Android\Android Studio\jbr\bin\nio.dll
0x00007ffc7e5d0000 - 0x00007ffc7e5e0000 	C:\Program Files\Android\Android Studio\jbr\bin\verify.dll
0x00007ffc8ca70000 - 0x00007ffc8ca97000 	C:\Users\Luis_\.gradle\native\68d5fa5c4cc2d200863cafc0d521ce42e7d3e7ee720ec0a83991735586a16f82\windows-amd64\native-platform.dll
0x00007ffc8c8c0000 - 0x00007ffc8ca04000 	C:\Users\Luis_\.gradle\native\e376f236ea51e6404a007f0833ffe2c6e607c4080706a723a18a27aeea778392\windows-amd64\native-platform-file-events.dll
0x00007ffc7ed40000 - 0x00007ffc7ed49000 	C:\Program Files\Android\Android Studio\jbr\bin\management.dll
0x00007ffc7e870000 - 0x00007ffc7e87b000 	C:\Program Files\Android\Android Studio\jbr\bin\management_ext.dll
0x00007ffcb6a90000 - 0x00007ffcb6a98000 	C:\Windows\System32\PSAPI.DLL
0x00007ffcb40b0000 - 0x00007ffcb40cb000 	C:\Windows\SYSTEM32\CRYPTSP.dll
0x00007ffcb3860000 - 0x00007ffcb3895000 	C:\Windows\system32\rsaenh.dll
0x00007ffcb3f50000 - 0x00007ffcb3f78000 	C:\Windows\SYSTEM32\USERENV.dll
0x00007ffcb40d0000 - 0x00007ffcb40dc000 	C:\Windows\SYSTEM32\CRYPTBASE.dll
0x00007ffcb3390000 - 0x00007ffcb33bd000 	C:\Windows\SYSTEM32\IPHLPAPI.DLL
0x00007ffcb7050000 - 0x00007ffcb7059000 	C:\Windows\System32\NSI.dll
0x00007ffcaf6a0000 - 0x00007ffcaf6b9000 	C:\Windows\SYSTEM32\dhcpcsvc6.DLL
0x00007ffcaf680000 - 0x00007ffcaf69f000 	C:\Windows\SYSTEM32\dhcpcsvc.DLL
0x00007ffcb3400000 - 0x00007ffcb34f9000 	C:\Windows\SYSTEM32\DNSAPI.dll
0x00007ffc8f810000 - 0x00007ffc8f818000 	C:\Windows\system32\wshunix.dll
0x00007ffcb3920000 - 0x00007ffcb3954000 	C:\Windows\SYSTEM32\ntmarta.dll

dbghelp: loaded successfully - version: 4.0.5 - missing functions: none
symbol engine: initialized successfully - sym options: 0x614 - pdb path: .;C:\Program Files\Android\Android Studio\jbr\bin;C:\Windows\SYSTEM32;C:\Windows\WinSxS\amd64_microsoft.windows.common-controls_6595b64144ccf1df_6.0.22621.3235_none_270f74e173860f98;C:\Program Files\Android\Android Studio\jbr\bin\server;C:\Users\Luis_\.gradle\native\68d5fa5c4cc2d200863cafc0d521ce42e7d3e7ee720ec0a83991735586a16f82\windows-amd64;C:\Users\Luis_\.gradle\native\e376f236ea51e6404a007f0833ffe2c6e607c4080706a723a18a27aeea778392\windows-amd64

VM Arguments:
jvm_args: -XX:MaxMetaspaceSize=512m --add-opens=java.base/java.util=ALL-UNNAMED --add-opens=java.base/java.lang=ALL-UNNAMED --add-opens=java.base/java.lang.invoke=ALL-UNNAMED --add-opens=java.prefs/java.util.prefs=ALL-UNNAMED --add-opens=java.base/java.nio.charset=ALL-UNNAMED --add-opens=java.base/java.net=ALL-UNNAMED --add-opens=java.base/java.util.concurrent.atomic=ALL-UNNAMED -Xmx2048m -Dfile.encoding=windows-1252 -Duser.country=BR -Duser.language=pt -Duser.variant -javaagent:C:\Users\Luis_\.gradle\wrapper\dists\gradle-8.3-all\6en3ugtfdg5xnpx44z4qbwgas\gradle-8.3\lib\agents\gradle-instrumentation-agent-8.3.jar 
java_command: org.gradle.launcher.daemon.bootstrap.GradleDaemon 8.3
java_class_path (initial): C:\Users\Luis_\.gradle\wrapper\dists\gradle-8.3-all\6en3ugtfdg5xnpx44z4qbwgas\gradle-8.3\lib\gradle-launcher-8.3.jar
Launcher Type: SUN_STANDARD

[Global flags]
     intx CICompilerCount                          = 3                                         {product} {ergonomic}
   size_t CompressedClassSpaceSize                 = 436207616                                 {product} {ergonomic}
     uint ConcGCThreads                            = 2                                         {product} {ergonomic}
     uint G1ConcRefinementThreads                  = 6                                         {product} {ergonomic}
   size_t G1HeapRegionSize                         = 1048576                                   {product} {ergonomic}
    uintx GCDrainStackTargetSize                   = 64                                        {product} {ergonomic}
   size_t InitialHeapSize                          = 268435456                                 {product} {ergonomic}
   size_t MarkStackSize                            = 4194304                                   {product} {ergonomic}
   size_t MaxHeapSize                              = 2147483648                                {product} {command line}
   size_t MaxMetaspaceSize                         = 536870912                                 {product} {command line}
   size_t MaxNewSize                               = 1287651328                                {product} {ergonomic}
   size_t MinHeapDeltaBytes                        = 1048576                                   {product} {ergonomic}
   size_t MinHeapSize                              = 8388608                                   {product} {ergonomic}
    uintx NonNMethodCodeHeapSize                   = 5832780                                {pd product} {ergonomic}
    uintx NonProfiledCodeHeapSize                  = 122912730                              {pd product} {ergonomic}
    uintx ProfiledCodeHeapSize                     = 122912730                              {pd product} {ergonomic}
    uintx ReservedCodeCacheSize                    = 251658240                              {pd product} {ergonomic}
     bool SegmentedCodeCache                       = true                                      {product} {ergonomic}
   size_t SoftMaxHeapSize                          = 2147483648                             {manageable} {ergonomic}
     bool UseCompressedClassPointers               = true                           {product lp64_product} {ergonomic}
     bool UseCompressedOops                        = true                           {product lp64_product} {ergonomic}
     bool UseG1GC                                  = true                                      {product} {ergonomic}
     bool UseLargePagesIndividualAllocation        = false                                  {pd product} {ergonomic}

Logging:
Log output configuration:
 #0: stdout all=warning uptime,level,tags
 #1: stderr all=off uptime,level,tags

Environment Variables:
JAVA_HOME=C:\Program Files\Microsoft\jdk-17.0.10.7-hotspot\
PATH=C:\Program Files\Microsoft\jdk-17.0.10.7-hotspot\bin;C:\Windows\system32;C:\Windows;C:\Windows\System32\Wbem;C:\Windows\System32\WindowsPowerShell\v1.0\;C:\Windows\System32\OpenSSH\;C:\Program Files\Git\cmd;C:\Program Files\NVIDIA Corporation\NVIDIA NvDLISR;C:\Program Files (x86)\NVIDIA Corporation\PhysX\Common;C:\ProgramData\chocolatey\bin;C:\Program Files\PowerShell\7\;C:\Program Files\nodejs\;C:\Users\Luis_\AppData\Local\Microsoft\WindowsApps;C:\Users\Luis_\AppData\Local\Programs\Microsoft VS Code\bin;C:\Users\Luis_\AppData\Roaming\npm
USERNAME=Luis_
OS=Windows_NT
PROCESSOR_IDENTIFIER=Intel64 Family 6 Model 158 Stepping 10, GenuineIntel
TMP=C:\Users\Luis_\AppData\Local\Temp
TEMP=C:\Users\Luis_\AppData\Local\Temp



Periodic native trim disabled

JNI global refs:
JNI global refs: 24, weak refs: 0

JNI global refs memory usage: 843, weak refs: 841

OOME stack traces (most recent first):
Classloader memory used:
Loader org.gradle.internal.classloader.VisitableURLClassLoader                         : 2943K
Loader bootstrap                                                                       : 2095K
Loader org.gradle.initialization.MixInLegacyTypesClassLoader                           : 448K
Loader jdk.internal.loader.ClassLoaders$PlatformClassLoader                            : 52946B
Loader org.gradle.internal.classloader.VisitableURLClassLoader                         : 52943B
Loader jdk.internal.loader.ClassLoaders$AppClassLoader                                 : 28451B
Loader jdk.internal.reflect.DelegatingClassLoader                                      : 21000B
Loader groovy.lang.GroovyClassLoader$InnerLoader                                       : 914B

Classes loaded by more than one classloader:
Class org.gradle.api.GradleException                                                  : loaded 3 times (x 80B)
Class org.gradle.util.GradleVersion                                                   : loaded 2 times (x 81B)
Class org.gradle.internal.classpath.ClassPath                                         : loaded 2 times (x 68B)
Class org.gradle.api.internal.classpath.DefaultModuleRegistry                         : loaded 2 times (x 84B)
Class org.gradle.internal.exceptions.NonGradleCauseExceptionsHolder                   : loaded 2 times (x 68B)
Class org.gradle.api.Action                                                           : loaded 2 times (x 68B)
Class org.gradle.api.internal.DefaultClassPathProvider                                : loaded 2 times (x 74B)
Class org.gradle.internal.installation.GradleInstallation$1                           : loaded 2 times (x 73B)
Class org.gradle.internal.exceptions.DefaultMultiCauseException                       : loaded 2 times (x 89B)
Class org.gradle.internal.time.MonotonicClock                                         : loaded 2 times (x 75B)
Class org.gradle.internal.classloader.FilteringClassLoader                            : loaded 2 times (x 103B)
Class org.gradle.internal.classpath.DefaultClassPath$ImmutableUniqueList$Builder      : loaded 2 times (x 73B)
Class org.gradle.internal.classloader.ClassLoaderVisitor                              : loaded 2 times (x 74B)
Class org.gradle.internal.time.DefaultCountdownTimer                                  : loaded 2 times (x 86B)
Class org.gradle.internal.service.DefaultServiceLocator                               : loaded 2 times (x 81B)
Class org.gradle.internal.service.UnknownServiceException                             : loaded 2 times (x 81B)
Class org.gradle.internal.classloader.DefaultClassLoaderFactory                       : loaded 2 times (x 80B)
Class org.gradle.internal.classloader.VisitableURLClassLoader$Spec                    : loaded 2 times (x 72B)
Class org.gradle.tooling.model.ProjectModel                                           : loaded 2 times (x 68B)
Class org.gradle.internal.installation.GradleInstallation                             : loaded 2 times (x 73B)
Class org.gradle.api.internal.classpath.ModuleRegistry                                : loaded 2 times (x 68B)
Class org.gradle.api.internal.ClassPathProvider                                       : loaded 2 times (x 68B)
Class org.gradle.internal.classloader.ClasspathUtil$1                                 : loaded 2 times (x 74B)
Class org.gradle.internal.classloader.ClassLoaderFactory                              : loaded 2 times (x 68B)
Class org.gradle.api.internal.classpath.ManifestUtil                                  : loaded 2 times (x 69B)
Class org.gradle.api.specs.Spec                                                       : loaded 2 times (x 68B)
Class org.gradle.internal.IoActions                                                   : loaded 2 times (x 69B)
Class org.gradle.api.internal.classpath.EffectiveClassPath                            : loaded 2 times (x 88B)
Class org.gradle.internal.installation.CurrentGradleInstallation                      : loaded 2 times (x 71B)
Class org.gradle.internal.agents.InstrumentingClassLoader                             : loaded 2 times (x 68B)
Class org.gradle.internal.installation.CurrentGradleInstallationLocator               : loaded 2 times (x 69B)
Class org.gradle.api.internal.classpath.Module                                        : loaded 2 times (x 68B)
Class org.gradle.internal.service.CachingServiceLocator                               : loaded 2 times (x 80B)
Class org.gradle.internal.time.Timer                                                  : loaded 2 times (x 68B)
Class org.gradle.internal.classpath.DefaultClassPath                                  : loaded 2 times (x 88B)
Class org.gradle.internal.time.Time                                                   : loaded 2 times (x 69B)
Class org.gradle.internal.time.TimeSource$1                                           : loaded 2 times (x 75B)
Class org.gradle.internal.classloader.SystemClassLoaderSpec                           : loaded 2 times (x 69B)
Class kotlin.Function                                                                 : loaded 2 times (x 68B)
Class org.gradle.api.UncheckedIOException                                             : loaded 2 times (x 80B)
Class org.gradle.internal.time.CountdownTimer                                         : loaded 2 times (x 68B)
Class org.gradle.internal.time.Clock                                                  : loaded 2 times (x 68B)
Class org.gradle.internal.classloader.ClasspathUtil                                   : loaded 2 times (x 69B)
Class org.gradle.api.internal.DefaultClassPathRegistry                                : loaded 2 times (x 74B)
Class org.gradle.api.internal.classpath.DefaultModuleRegistry$DefaultModule           : loaded 2 times (x 84B)
Class org.gradle.internal.time.TimeSource                                             : loaded 2 times (x 68B)
Class org.gradle.api.internal.classpath.UnknownModuleException                        : loaded 2 times (x 80B)
Class org.gradle.internal.service.ServiceLookupException                              : loaded 2 times (x 80B)
Class org.gradle.cache.GlobalCache                                                    : loaded 2 times (x 68B)
Class [Lorg.gradle.api.internal.ClassPathProvider;                                    : loaded 2 times (x 67B)
Class org.gradle.internal.operations.MultipleBuildOperationFailures                   : loaded 2 times (x 89B)
Class org.gradle.util.internal.GUtil                                                  : loaded 2 times (x 69B)
Class org.gradle.internal.classloader.ClassLoaderSpec                                 : loaded 2 times (x 69B)
Class org.gradle.internal.classloader.VisitableURLClassLoader                         : loaded 2 times (x 115B)
Class org.gradle.internal.Cast                                                        : loaded 2 times (x 69B)
Class org.gradle.api.internal.ClassPathRegistry                                       : loaded 2 times (x 68B)
Class org.gradle.internal.classloader.VisitableURLClassLoader$InstrumentingVisitableURLClassLoader: loaded 2 times (x 121B)
Class org.gradle.internal.classloader.ClassLoaderHierarchy                            : loaded 2 times (x 68B)
Class org.gradle.internal.exceptions.MultiCauseException                              : loaded 2 times (x 68B)
Class org.gradle.internal.InternalTransformer                                         : loaded 2 times (x 68B)
Class org.gradle.internal.service.ServiceLocator                                      : loaded 2 times (x 68B)
Class org.gradle.internal.classpath.DefaultClassPath$ImmutableUniqueList              : loaded 2 times (x 159B)
Class org.gradle.internal.time.DefaultTimer                                           : loaded 2 times (x 78B)
Class org.gradle.internal.classpath.TransformedClassPath                              : loaded 2 times (x 94B)


---------------  S Y S T E M  ---------------

OS:
 Windows 11 , 64 bit Build 22621 (10.0.22621.3374)
OS uptime: 0 days 0:19 hours

CPU: total 6 (initial active 6) (6 cores per cpu, 1 threads per core) family 6 model 158 stepping 10 microcode 0xde, cx8, cmov, fxsr, mmx, 3dnowpref, sse, sse2, sse3, ssse3, sse4.1, sse4.2, popcnt, lzcnt, tsc, tscinvbit, avx, avx2, aes, erms, clmul, bmi1, bmi2, adx, fma, vzeroupper, clflush, clflushopt
Processor Information for all 6 processors :
  Max Mhz: 2808, Current Mhz: 2808, Mhz Limit: 2808

Memory: 4k page, system-wide physical 16325M (4730M free)
TotalPageFile size 19269M (AvailPageFile size 5473M)
current process WorkingSet (physical memory assigned to process): 229M, peak: 234M
current process commit charge ("private bytes"): 277M, peak: 396M

vm_info: OpenJDK 64-Bit Server VM (17.0.9+0--11185874) for windows-amd64 JRE (17.0.9+0--11185874), built on Dec  6 2023 18:57:44 by "androidbuild" with MS VC++ 16.10 / 16.11 (VS2019)

END.
